time="2024-10-24T00:21:22+07:00" level=info msg="Server Pulsa App"
time="2024-10-24T00:21:31+07:00" level=info msg="Start getting user by username"
time="2024-10-24T00:21:31+07:00" level=error msg="Failed to get user: pq: database \"server_pulsa_app\" does not exist"
time="2024-10-24T00:21:31+07:00" level=info msg="Start creating a new user"
time="2024-10-24T00:21:31+07:00" level=error msg="Failed to create user: pq: database \"server_pulsa_app\" does not exist"
time="2024-10-24T00:22:34+07:00" level=info msg="Server Pulsa App"
time="2024-10-24T00:22:48+07:00" level=info msg="Start getting user by username"
time="2024-10-24T00:22:48+07:00" level=error msg="Failed to get user: sql: no rows in result set"
time="2024-10-24T00:22:48+07:00" level=info msg="Start creating a new user"
time="2024-10-24T00:22:48+07:00" level=info msg="User created successfully: {7087e0ec-fede-4a31-97c2-e54a65c45208 Mega Cell $2a$10$y2katOw9ghtlTw4s9/SC6eUA4f0rQfQ.EW0vgNl99y/FHNecEfDv. employee}"
time="2024-10-24T00:25:29+07:00" level=info msg="Server Pulsa App Started"
time="2024-10-24T00:25:56+07:00" level=info msg="Start getting user by username"
time="2024-10-24T00:25:56+07:00" level=info msg="Get user by username successfully: {7087e0ec-fede-4a31-97c2-e54a65c45208 Mega Cell $2a$10$y2katOw9ghtlTw4s9/SC6eUA4f0rQfQ.EW0vgNl99y/FHNecEfDv. employee}"
time="2024-10-24T00:31:22+07:00" level=info msg="Server Pulsa App Started"
time="2024-10-24T00:31:35+07:00" level=info msg="Start getting user by username"
time="2024-10-24T00:31:35+07:00" level=info msg="Get user by username successfully: {7087e0ec-fede-4a31-97c2-e54a65c45208 Mega Cell $2a$10$y2katOw9ghtlTw4s9/SC6eUA4f0rQfQ.EW0vgNl99y/FHNecEfDv. employee}"
time="2024-10-24T00:33:00+07:00" level=info msg="Start getting user by username"
time="2024-10-24T00:33:00+07:00" level=info msg="Get user by username successfully: {7087e0ec-fede-4a31-97c2-e54a65c45208 Mega Cell $2a$10$y2katOw9ghtlTw4s9/SC6eUA4f0rQfQ.EW0vgNl99y/FHNecEfDv. employee}"
time="2024-10-24T00:41:00+07:00" level=info msg="Server Pulsa App Started"
time="2024-10-24T00:41:07+07:00" level=info msg="Start getting user by username"
time="2024-10-24T00:41:07+07:00" level=info msg="Get user by username successfully: {7087e0ec-fede-4a31-97c2-e54a65c45208 Mega Cell $2a$10$y2katOw9ghtlTw4s9/SC6eUA4f0rQfQ.EW0vgNl99y/FHNecEfDv. employee}"
time="2024-10-24T00:41:29+07:00" level=info msg="Start getting user by username"
time="2024-10-24T00:41:29+07:00" level=info msg="Get user by username successfully: {7087e0ec-fede-4a31-97c2-e54a65c45208 Mega Cell $2a$10$y2katOw9ghtlTw4s9/SC6eUA4f0rQfQ.EW0vgNl99y/FHNecEfDv. employee}"
time="2024-10-24T10:49:01+07:00" level=info msg="Server Pulsa App Started"
time="2024-10-24T10:49:25+07:00" level=info msg="Starting to retrive a user by username in the repository layer"
time="2024-10-24T10:49:25+07:00" level=info msg="Getting user by username was successfully: {7899d6ad-e37d-4577-93eb-8362070c86e8 putri nur indah $2a$10$UGBzfGlyhIyJB7C9qXNuEOPXwp1Gq6ByUv0dRXQVko/wvq8EYooTC admin}"
time="2024-10-24T10:50:14+07:00" level=info msg="Starting to retrive a user by id in the repository layer"
time="2024-10-24T10:50:14+07:00" level=info msg="Getting user by id was successfully: {580fecd5-6ab6-40e9-9e40-30218c3fdbea rahman $2a$10$kIPemqjBhEdUqnK5ahPOsO/xhAB4emR/QpAIVi.S5Q6JXiEyc.zb2 employee}"
time="2024-10-24T10:50:45+07:00" level=info msg="Starting to retrive a user by id in the repository layer"
time="2024-10-24T10:50:45+07:00" level=error msg="Failed to retrive the user: sql: no rows in result set"
time="2024-10-24T10:50:51+07:00" level=info msg="Starting to retrive a user by id in the repository layer"
time="2024-10-24T10:50:51+07:00" level=info msg="Getting user by id was successfully: {580fecd5-6ab6-40e9-9e40-30218c3fdbea rahman $2a$10$kIPemqjBhEdUqnK5ahPOsO/xhAB4emR/QpAIVi.S5Q6JXiEyc.zb2 employee}"
time="2024-10-24T10:50:51+07:00" level=info msg="Starting to delete user in the repository layer"
time="2024-10-24T10:50:51+07:00" level=info msg="User has been deleted successfully: 580fecd5-6ab6-40e9-9e40-30218c3fdbea"
time="2024-10-24T10:50:53+07:00" level=info msg="Starting to retrive a user by id in the repository layer"
time="2024-10-24T10:50:53+07:00" level=error msg="Failed to retrive the user: sql: no rows in result set"
time="2024-10-24T10:50:57+07:00" level=info msg="Starting to retrive a user by id in the repository layer"
time="2024-10-24T10:50:57+07:00" level=error msg="Failed to retrive the user: sql: no rows in result set"
time="2024-10-25T06:18:32+07:00" level=info msg="Server Pulsa App Started"
time="2024-10-25T13:04:58+07:00" level=info msg="Server Pulsa App Started"
